<?xml version="1.0" encoding="UTF-8"?>
<!-- Generated by org.testng.reporters.JUnitXMLReporter -->
<testsuite ignored="1" hostname="DESKTOP-1C1CICJ" failures="0" tests="1" name="Default test" time="23.6" errors="0" timestamp="2023-08-18T10:26:49 IST">
  <testcase classname="com.w3schools.test.LoginTest" name="loginWithValidCredentials" time="22.255"/>
  <testcase classname="com.w3schools.test.LoginTest" name="loginWithInvalidEmail" time="0.0">
    <ignored/>
  </testcase> <!-- loginWithInvalidEmail -->
</testsuite> <!-- Default test -->
