<?xml version="1.0" encoding="UTF-8"?>
<!-- Generated by org.testng.reporters.JUnitXMLReporter -->
<testsuite ignored="0" hostname="DESKTOP-1C1CICJ" failures="2" tests="2" name="Test" time="22.2" errors="0" timestamp="2023-08-17T13:03:55 IST">
  <testcase classname="com.w3schools.test.LoginTest" name="loginWithInvalidEmail" time="12.163">
    <failure type="java.lang.Error" message="Unresolved compilation problems: 
	LoginPage cannot be resolved to a type
	The method initElements(SearchContext, Class&amp;lt;LoginPage&amp;gt;) from the type PageFactory refers to the missing type LoginPage
	LoginPage cannot be resolved to a type
	HomePage cannot be resolved to a type
	The method initElements(SearchContext, Class&amp;lt;HomePage&amp;gt;) from the type PageFactory refers to the missing type HomePage
	HomePage cannot be resolved to a type
">
      <![CDATA[java.lang.Error: Unresolved compilation problems: 
LoginPage cannot be resolved to a type
The method initElements(SearchContext, Class<LoginPage>) from the type PageFactory refers to the missing type LoginPage
LoginPage cannot be resolved to a type
HomePage cannot be resolved to a type
The method initElements(SearchContext, Class<HomePage>) from the type PageFactory refers to the missing type HomePage
HomePage cannot be resolved to a type

at com.w3schools.utils.W3Wrappers.loginW3Schools(W3Wrappers.java:19)
at com.w3schools.test.LoginTest.loginWithInvalidEmail(LoginTest.java:41)
at java.base/java.util.ArrayList.forEach(ArrayList.java:1511)
... Removed 27 stack frames]]>
    </failure>
  </testcase> <!-- loginWithInvalidEmail -->
  <testcase classname="com.w3schools.test.LoginTest" name="loginWithValidCredentials" time="9.419">
    <failure type="java.lang.Error" message="Unresolved compilation problems: 
	LoginPage cannot be resolved to a type
	The method initElements(SearchContext, Class&amp;lt;LoginPage&amp;gt;) from the type PageFactory refers to the missing type LoginPage
	LoginPage cannot be resolved to a type
	HomePage cannot be resolved to a type
	The method initElements(SearchContext, Class&amp;lt;HomePage&amp;gt;) from the type PageFactory refers to the missing type HomePage
	HomePage cannot be resolved to a type
">
      <![CDATA[java.lang.Error: Unresolved compilation problems: 
LoginPage cannot be resolved to a type
The method initElements(SearchContext, Class<LoginPage>) from the type PageFactory refers to the missing type LoginPage
LoginPage cannot be resolved to a type
HomePage cannot be resolved to a type
The method initElements(SearchContext, Class<HomePage>) from the type PageFactory refers to the missing type HomePage
HomePage cannot be resolved to a type

at com.w3schools.utils.W3Wrappers.loginW3Schools(W3Wrappers.java:19)
at com.w3schools.test.LoginTest.loginWithValidCredentials(LoginTest.java:22)
at java.base/java.util.ArrayList.forEach(ArrayList.java:1511)
... Removed 27 stack frames]]>
    </failure>
  </testcase> <!-- loginWithValidCredentials -->
</testsuite> <!-- Test -->
