<?xml version="1.0" encoding="UTF-8"?>
<testng-results ignored="0" total="2" passed="2" failed="0" skipped="0">
  <reporter-output>
  </reporter-output>
  <suite started-at="2023-08-20T17:04:45 IST" name="Suite" finished-at="2023-08-20T17:07:15 IST" duration-ms="149809">
    <groups>
    </groups>
    <test started-at="2023-08-20T17:04:45 IST" name="Test" finished-at="2023-08-20T17:07:15 IST" duration-ms="149809">
      <class name="com.w3schools.test.LoginTest">
        <test-method signature="loginWithInvalidEmail()[pri:0, instance:com.w3schools.test.LoginTest@7e6f74c]" started-at="2023-08-20T17:04:45 IST" name="loginWithInvalidEmail" finished-at="2023-08-20T17:06:43 IST" duration-ms="118320" status="PASS">
          <reporter-output>
          </reporter-output>
        </test-method> <!-- loginWithInvalidEmail -->
        <test-method is-config="true" signature="closeAllBrowsers()[pri:0, instance:com.w3schools.test.LoginTest@7e6f74c]" started-at="2023-08-20T17:06:43 IST" name="closeAllBrowsers" finished-at="2023-08-20T17:06:44 IST" duration-ms="336" status="PASS">
          <reporter-output>
          </reporter-output>
        </test-method> <!-- closeAllBrowsers -->
        <test-method signature="loginWithValidCredentials()[pri:0, instance:com.w3schools.test.LoginTest@7e6f74c]" started-at="2023-08-20T17:06:44 IST" name="loginWithValidCredentials" finished-at="2023-08-20T17:07:14 IST" duration-ms="30846" status="PASS">
          <reporter-output>
          </reporter-output>
        </test-method> <!-- loginWithValidCredentials -->
        <test-method is-config="true" signature="closeAllBrowsers()[pri:0, instance:com.w3schools.test.LoginTest@7e6f74c]" started-at="2023-08-20T17:07:14 IST" name="closeAllBrowsers" finished-at="2023-08-20T17:07:15 IST" duration-ms="246" status="PASS">
          <reporter-output>
          </reporter-output>
        </test-method> <!-- closeAllBrowsers -->
      </class> <!-- com.w3schools.test.LoginTest -->
      <class name="com.w3schools.utils.Reports">
        <test-method is-config="true" signature="startReport()[pri:0, instance:com.w3schools.utils.Reports@6a6cb05c]" started-at="2023-08-20T17:04:45 IST" name="startReport" finished-at="2023-08-20T17:04:45 IST" duration-ms="346" status="PASS">
          <reporter-output>
          </reporter-output>
        </test-method> <!-- startReport -->
        <test-method is-config="true" signature="endReport()[pri:0, instance:com.w3schools.utils.Reports@6a6cb05c]" started-at="2023-08-20T17:07:15 IST" name="endReport" finished-at="2023-08-20T17:07:15 IST" duration-ms="651" status="PASS">
          <reporter-output>
          </reporter-output>
        </test-method> <!-- endReport -->
      </class> <!-- com.w3schools.utils.Reports -->
    </test> <!-- Test -->
  </suite> <!-- Suite -->
</testng-results>
