<?xml version="1.0" encoding="UTF-8"?>
<testng-results ignored="1" total="2" passed="1" failed="0" skipped="0">
  <reporter-output>
  </reporter-output>
  <suite started-at="2023-08-18T10:26:26 IST" name="Default suite" finished-at="2023-08-18T10:26:49 IST" duration-ms="23600">
    <groups>
    </groups>
    <test started-at="2023-08-18T10:26:26 IST" name="Default test" finished-at="2023-08-18T10:26:49 IST" duration-ms="23600">
      <class name="com.w3schools.test.LoginTest">
        <test-method signature="loginWithValidCredentials()[pri:0, instance:com.w3schools.test.LoginTest@4afcd809]" started-at="2023-08-18T10:26:26 IST" name="loginWithValidCredentials" finished-at="2023-08-18T10:26:48 IST" duration-ms="22255" status="PASS">
          <reporter-output>
          </reporter-output>
        </test-method> <!-- loginWithValidCredentials -->
        <test-method is-config="true" signature="closeAllBrowsers()[pri:0, instance:com.w3schools.test.LoginTest@4afcd809]" started-at="2023-08-18T10:26:48 IST" name="closeAllBrowsers" finished-at="2023-08-18T10:26:49 IST" duration-ms="1267" status="PASS">
          <reporter-output>
          </reporter-output>
        </test-method> <!-- closeAllBrowsers -->
      </class> <!-- com.w3schools.test.LoginTest -->
    </test> <!-- Default test -->
  </suite> <!-- Default suite -->
</testng-results>
